2023-10-25 09:04:55,551 [INFO] Gpio:273 - dependency for GPIO []
2023-10-25 09:18:00,947 [INFO] Gpio:273 - dependency for GPIO []
2023-10-25 09:18:00,967 [INFO] NvicIntPanel:101 - NVIC parent = com.st.microxplorer.plugins.ip.nvic.MultiNvicIntPanel[,0,0,0x0,invalid,layout=javax.swing.BoxLayout,alignmentX=0.0,alignmentY=0.0,border=,flags=9,maximumSize=,minimumSize=,preferredSize=]
2023-10-25 09:18:08,983 [INFO] Gpio:273 - dependency for GPIO []
2023-10-25 09:18:09,002 [INFO] NvicIntPanel:101 - NVIC parent = com.st.microxplorer.plugins.ip.nvic.MultiNvicIntPanel[,0,0,0x0,invalid,layout=javax.swing.BoxLayout,alignmentX=0.0,alignmentY=0.0,border=,flags=9,maximumSize=,minimumSize=,preferredSize=]
2023-10-25 09:21:33,883 [INFO] UtilMem:75 - End SaveConfig() Used Memory: 742416144 Bytes (880803840)
2023-10-25 09:21:33,960 [INFO] UtilMem:75 - End SaveConfig() Used Memory: 764436240 Bytes (880803840)
2023-10-25 09:21:34,213 [INFO] UtilMem:75 - End SaveConfig() Used Memory: 289236384 Bytes (880803840)
2023-10-25 09:21:34,326 [INFO] BlockDiagram:2759 - set Specific Code input for plugin: SYS
2023-10-25 09:21:34,326 [INFO] BlockDiagram:2759 - set Specific Code input for plugin: RCC
2023-10-25 09:21:34,326 [INFO] BlockDiagram:2759 - set Specific Code input for plugin: NVIC
2023-10-25 09:21:34,326 [INFO] BlockDiagram:2759 - set Specific Code input for plugin: GPIO
2023-10-25 09:21:34,327 [INFO] CodeGenerator:799 - code generatio: config db path: /opt/st/stm32cubeide_1.13.2/plugins/com.st.stm32cube.common.mx_6.9.2.202309101412//db/
2023-10-25 09:21:34,423 [INFO] CodeEngine:255 - oldGeneratedFile, /home/wyatt/Desktop/Mastering_RTOS/Workspace/RTOS_workspace/002_LED_Tasks/MXTmpFiles/license.tmp_save
2023-10-25 09:21:34,471 [INFO] CodeEngine:279 - Generated code: /home/wyatt/Desktop/Mastering_RTOS/Workspace/RTOS_workspace/002_LED_Tasks/MXTmpFiles/license.tmp
2023-10-25 09:21:34,479 [INFO] CodeEngine:255 - oldGeneratedFile, /home/wyatt/Desktop/Mastering_RTOS/Workspace/RTOS_workspace/002_LED_Tasks/MXTmpFiles/gpio.tmp_save
2023-10-25 09:21:34,520 [INFO] CodeEngine:279 - Generated code: /home/wyatt/Desktop/Mastering_RTOS/Workspace/RTOS_workspace/002_LED_Tasks/MXTmpFiles/gpio.tmp
2023-10-25 09:21:34,529 [INFO] CodeEngine:255 - oldGeneratedFile, /home/wyatt/Desktop/Mastering_RTOS/Workspace/RTOS_workspace/002_LED_Tasks/Core/Src/stm32f4xx_it.c_save
2023-10-25 09:21:34,617 [INFO] CodeEngine:279 - Generated code: /home/wyatt/Desktop/Mastering_RTOS/Workspace/RTOS_workspace/002_LED_Tasks/Core/Src/stm32f4xx_it.c
2023-10-25 09:21:34,618 [INFO] CodeEngine:255 - oldGeneratedFile, /home/wyatt/Desktop/Mastering_RTOS/Workspace/RTOS_workspace/002_LED_Tasks/Core/Inc/stm32f4xx_it.h_save
2023-10-25 09:21:34,656 [INFO] CodeEngine:279 - Generated code: /home/wyatt/Desktop/Mastering_RTOS/Workspace/RTOS_workspace/002_LED_Tasks/Core/Inc/stm32f4xx_it.h
2023-10-25 09:21:34,659 [INFO] CodeEngine:255 - oldGeneratedFile, /home/wyatt/Desktop/Mastering_RTOS/Workspace/RTOS_workspace/002_LED_Tasks/Core/Src/stm32f4xx_hal_msp.c_save
2023-10-25 09:21:34,712 [INFO] CodeEngine:279 - Generated code: /home/wyatt/Desktop/Mastering_RTOS/Workspace/RTOS_workspace/002_LED_Tasks/Core/Src/stm32f4xx_hal_msp.c
2023-10-25 09:21:34,713 [INFO] CodeEngine:255 - oldGeneratedFile, /home/wyatt/Desktop/Mastering_RTOS/Workspace/RTOS_workspace/002_LED_Tasks/MXTmpFiles/system.tmp_save
2023-10-25 09:21:34,747 [INFO] CodeEngine:279 - Generated code: /home/wyatt/Desktop/Mastering_RTOS/Workspace/RTOS_workspace/002_LED_Tasks/MXTmpFiles/system.tmp
2023-10-25 09:21:34,748 [INFO] CodeEngine:255 - oldGeneratedFile, /home/wyatt/Desktop/Mastering_RTOS/Workspace/RTOS_workspace/002_LED_Tasks/Core/Src/stm32f4xx_hal_timebase_tim.c_save
2023-10-25 09:21:34,785 [INFO] CodeEngine:279 - Generated code: /home/wyatt/Desktop/Mastering_RTOS/Workspace/RTOS_workspace/002_LED_Tasks/Core/Src/stm32f4xx_hal_timebase_tim.c
2023-10-25 09:21:34,787 [INFO] CodeEngine:311 - oldGeneratedFile, /home/wyatt/Desktop/Mastering_RTOS/Workspace/RTOS_workspace/002_LED_Tasks/Core/Inc/stm32f4xx_hal_conf.h_save
2023-10-25 09:21:34,829 [INFO] CodeEngine:335 - Generated code: /home/wyatt/Desktop/Mastering_RTOS/Workspace/RTOS_workspace/002_LED_Tasks/Core/Inc/stm32f4xx_hal_conf.h
2023-10-25 09:21:34,837 [WARN] IPConfigManager:2937 - Warning: the RefConfig PLL2P_FOR_MCO is not available in your config.xml file
2023-10-25 09:21:34,840 [INFO] CodeEngine:255 - oldGeneratedFile, /home/wyatt/Desktop/Mastering_RTOS/Workspace/RTOS_workspace/002_LED_Tasks/Core/Inc/main.h_save
2023-10-25 09:21:34,890 [INFO] CodeEngine:279 - Generated code: /home/wyatt/Desktop/Mastering_RTOS/Workspace/RTOS_workspace/002_LED_Tasks/Core/Inc/main.h
2023-10-25 09:21:34,891 [INFO] CodeEngine:255 - oldGeneratedFile, /home/wyatt/Desktop/Mastering_RTOS/Workspace/RTOS_workspace/002_LED_Tasks/Core/Src/main.c_save
2023-10-25 09:21:34,946 [INFO] CodeEngine:279 - Generated code: /home/wyatt/Desktop/Mastering_RTOS/Workspace/RTOS_workspace/002_LED_Tasks/Core/Src/main.c
2023-10-25 09:21:35,311 [INFO] ProjectBuilder:3064 - Time for Copy HAL[1] : 42mS.
2023-10-25 09:21:35,312 [INFO] ProjectBuilder:4404 - Project Generator version: 4.1.0
2023-10-25 09:21:35,489 [INFO] ConfigFileManager:1457 - The Die is : DIE421
2023-10-25 09:21:36,263 [INFO] ProjectBuilder:4626 - Time for Generating toolchain IDE Files: 951mS.
2023-10-25 09:21:36,263 [INFO] ProjectBuilder:2935 - Time for Copy CMSIS : 0mS.
2023-10-25 09:21:36,263 [INFO] ProjectBuilder:2935 - Time for Copy CMSIS : 0mS.
2023-10-25 09:38:39,036 [INFO] UtilMem:75 - End SaveConfig() Used Memory: 702648624 Bytes (930086912)
2023-10-25 09:38:39,110 [INFO] UtilMem:75 - End SaveConfig() Used Memory: 723620144 Bytes (930086912)
2023-10-25 09:38:39,394 [INFO] UtilMem:75 - End SaveConfig() Used Memory: 800692528 Bytes (930086912)
2023-10-25 09:38:39,525 [INFO] BlockDiagram:2759 - set Specific Code input for plugin: SYS
2023-10-25 09:38:39,525 [INFO] BlockDiagram:2759 - set Specific Code input for plugin: RCC
2023-10-25 09:38:39,525 [INFO] BlockDiagram:2759 - set Specific Code input for plugin: NVIC
2023-10-25 09:38:39,525 [INFO] BlockDiagram:2759 - set Specific Code input for plugin: GPIO
2023-10-25 09:38:39,525 [INFO] CodeGenerator:799 - code generatio: config db path: /opt/st/stm32cubeide_1.13.2/plugins/com.st.stm32cube.common.mx_6.9.2.202309101412//db/
2023-10-25 09:38:39,642 [INFO] CodeEngine:255 - oldGeneratedFile, /home/wyatt/Desktop/Mastering_RTOS/Workspace/RTOS_workspace/002_LED_Tasks/MXTmpFiles/license.tmp_save
2023-10-25 09:38:39,691 [INFO] CodeEngine:279 - Generated code: /home/wyatt/Desktop/Mastering_RTOS/Workspace/RTOS_workspace/002_LED_Tasks/MXTmpFiles/license.tmp
2023-10-25 09:38:39,698 [INFO] CodeEngine:255 - oldGeneratedFile, /home/wyatt/Desktop/Mastering_RTOS/Workspace/RTOS_workspace/002_LED_Tasks/MXTmpFiles/gpio.tmp_save
2023-10-25 09:38:39,741 [INFO] CodeEngine:279 - Generated code: /home/wyatt/Desktop/Mastering_RTOS/Workspace/RTOS_workspace/002_LED_Tasks/MXTmpFiles/gpio.tmp
2023-10-25 09:38:39,749 [INFO] CodeEngine:255 - oldGeneratedFile, /home/wyatt/Desktop/Mastering_RTOS/Workspace/RTOS_workspace/002_LED_Tasks/Core/Src/stm32f4xx_it.c_save
2023-10-25 09:38:39,876 [INFO] CodeEngine:279 - Generated code: /home/wyatt/Desktop/Mastering_RTOS/Workspace/RTOS_workspace/002_LED_Tasks/Core/Src/stm32f4xx_it.c
2023-10-25 09:38:39,877 [INFO] CodeEngine:255 - oldGeneratedFile, /home/wyatt/Desktop/Mastering_RTOS/Workspace/RTOS_workspace/002_LED_Tasks/Core/Inc/stm32f4xx_it.h_save
2023-10-25 09:38:39,914 [INFO] CodeEngine:279 - Generated code: /home/wyatt/Desktop/Mastering_RTOS/Workspace/RTOS_workspace/002_LED_Tasks/Core/Inc/stm32f4xx_it.h
2023-10-25 09:38:39,917 [INFO] CodeEngine:255 - oldGeneratedFile, /home/wyatt/Desktop/Mastering_RTOS/Workspace/RTOS_workspace/002_LED_Tasks/Core/Src/stm32f4xx_hal_msp.c_save
2023-10-25 09:38:39,970 [INFO] CodeEngine:279 - Generated code: /home/wyatt/Desktop/Mastering_RTOS/Workspace/RTOS_workspace/002_LED_Tasks/Core/Src/stm32f4xx_hal_msp.c
2023-10-25 09:38:39,970 [INFO] CodeEngine:255 - oldGeneratedFile, /home/wyatt/Desktop/Mastering_RTOS/Workspace/RTOS_workspace/002_LED_Tasks/MXTmpFiles/system.tmp_save
2023-10-25 09:38:40,005 [INFO] CodeEngine:279 - Generated code: /home/wyatt/Desktop/Mastering_RTOS/Workspace/RTOS_workspace/002_LED_Tasks/MXTmpFiles/system.tmp
2023-10-25 09:38:40,006 [INFO] CodeEngine:255 - oldGeneratedFile, /home/wyatt/Desktop/Mastering_RTOS/Workspace/RTOS_workspace/002_LED_Tasks/Core/Src/stm32f4xx_hal_timebase_tim.c_save
2023-10-25 09:38:40,045 [INFO] CodeEngine:279 - Generated code: /home/wyatt/Desktop/Mastering_RTOS/Workspace/RTOS_workspace/002_LED_Tasks/Core/Src/stm32f4xx_hal_timebase_tim.c
2023-10-25 09:38:40,046 [INFO] CodeEngine:311 - oldGeneratedFile, /home/wyatt/Desktop/Mastering_RTOS/Workspace/RTOS_workspace/002_LED_Tasks/Core/Inc/stm32f4xx_hal_conf.h_save
2023-10-25 09:38:40,086 [INFO] CodeEngine:335 - Generated code: /home/wyatt/Desktop/Mastering_RTOS/Workspace/RTOS_workspace/002_LED_Tasks/Core/Inc/stm32f4xx_hal_conf.h
2023-10-25 09:38:40,094 [WARN] IPConfigManager:2937 - Warning: the RefConfig PLL2P_FOR_MCO is not available in your config.xml file
2023-10-25 09:38:40,097 [INFO] CodeEngine:255 - oldGeneratedFile, /home/wyatt/Desktop/Mastering_RTOS/Workspace/RTOS_workspace/002_LED_Tasks/Core/Inc/main.h_save
2023-10-25 09:38:40,146 [INFO] CodeEngine:279 - Generated code: /home/wyatt/Desktop/Mastering_RTOS/Workspace/RTOS_workspace/002_LED_Tasks/Core/Inc/main.h
2023-10-25 09:38:40,147 [INFO] CodeEngine:255 - oldGeneratedFile, /home/wyatt/Desktop/Mastering_RTOS/Workspace/RTOS_workspace/002_LED_Tasks/Core/Src/main.c_save
2023-10-25 09:38:40,203 [INFO] CodeEngine:279 - Generated code: /home/wyatt/Desktop/Mastering_RTOS/Workspace/RTOS_workspace/002_LED_Tasks/Core/Src/main.c
2023-10-25 09:38:40,474 [INFO] ProjectBuilder:3064 - Time for Copy HAL[1] : 14mS.
2023-10-25 09:38:40,475 [INFO] ProjectBuilder:4404 - Project Generator version: 4.1.0
2023-10-25 09:38:40,634 [INFO] ConfigFileManager:1457 - The Die is : DIE421
2023-10-25 09:38:41,416 [INFO] ProjectBuilder:4626 - Time for Generating toolchain IDE Files: 941mS.
2023-10-25 09:38:41,417 [INFO] ProjectBuilder:2935 - Time for Copy CMSIS : 0mS.
2023-10-25 09:38:41,417 [INFO] ProjectBuilder:2935 - Time for Copy CMSIS : 0mS.
2023-10-25 09:42:31,158 [INFO] UtilMem:75 - End SaveConfig() Used Memory: 646761008 Bytes (1011875840)
2023-10-25 09:42:31,246 [INFO] UtilMem:75 - End SaveConfig() Used Memory: 358782528 Bytes (1011875840)
2023-10-25 09:42:31,545 [INFO] UtilMem:75 - End SaveConfig() Used Memory: 402170760 Bytes (1011875840)
2023-10-25 09:42:31,684 [INFO] BlockDiagram:2759 - set Specific Code input for plugin: SYS
2023-10-25 09:42:31,684 [INFO] BlockDiagram:2759 - set Specific Code input for plugin: RCC
2023-10-25 09:42:31,684 [INFO] BlockDiagram:2759 - set Specific Code input for plugin: NVIC
2023-10-25 09:42:31,684 [INFO] BlockDiagram:2759 - set Specific Code input for plugin: GPIO
2023-10-25 09:42:31,684 [INFO] CodeGenerator:799 - code generatio: config db path: /opt/st/stm32cubeide_1.13.2/plugins/com.st.stm32cube.common.mx_6.9.2.202309101412//db/
2023-10-25 09:42:31,794 [INFO] CodeEngine:255 - oldGeneratedFile, /home/wyatt/Desktop/Mastering_RTOS/Workspace/RTOS_workspace/002_LED_Tasks/MXTmpFiles/license.tmp_save
2023-10-25 09:42:31,837 [INFO] CodeEngine:279 - Generated code: /home/wyatt/Desktop/Mastering_RTOS/Workspace/RTOS_workspace/002_LED_Tasks/MXTmpFiles/license.tmp
2023-10-25 09:42:31,844 [INFO] CodeEngine:255 - oldGeneratedFile, /home/wyatt/Desktop/Mastering_RTOS/Workspace/RTOS_workspace/002_LED_Tasks/MXTmpFiles/gpio.tmp_save
2023-10-25 09:42:31,883 [INFO] CodeEngine:279 - Generated code: /home/wyatt/Desktop/Mastering_RTOS/Workspace/RTOS_workspace/002_LED_Tasks/MXTmpFiles/gpio.tmp
2023-10-25 09:42:31,892 [INFO] CodeEngine:255 - oldGeneratedFile, /home/wyatt/Desktop/Mastering_RTOS/Workspace/RTOS_workspace/002_LED_Tasks/Core/Src/stm32f4xx_it.c_save
2023-10-25 09:42:31,935 [INFO] CodeEngine:279 - Generated code: /home/wyatt/Desktop/Mastering_RTOS/Workspace/RTOS_workspace/002_LED_Tasks/Core/Src/stm32f4xx_it.c
2023-10-25 09:42:31,936 [INFO] CodeEngine:255 - oldGeneratedFile, /home/wyatt/Desktop/Mastering_RTOS/Workspace/RTOS_workspace/002_LED_Tasks/Core/Inc/stm32f4xx_it.h_save
2023-10-25 09:42:31,972 [INFO] CodeEngine:279 - Generated code: /home/wyatt/Desktop/Mastering_RTOS/Workspace/RTOS_workspace/002_LED_Tasks/Core/Inc/stm32f4xx_it.h
2023-10-25 09:42:31,974 [INFO] CodeEngine:255 - oldGeneratedFile, /home/wyatt/Desktop/Mastering_RTOS/Workspace/RTOS_workspace/002_LED_Tasks/Core/Src/stm32f4xx_hal_msp.c_save
2023-10-25 09:42:32,038 [INFO] CodeEngine:279 - Generated code: /home/wyatt/Desktop/Mastering_RTOS/Workspace/RTOS_workspace/002_LED_Tasks/Core/Src/stm32f4xx_hal_msp.c
2023-10-25 09:42:32,039 [INFO] CodeEngine:255 - oldGeneratedFile, /home/wyatt/Desktop/Mastering_RTOS/Workspace/RTOS_workspace/002_LED_Tasks/MXTmpFiles/system.tmp_save
2023-10-25 09:42:32,089 [INFO] CodeEngine:279 - Generated code: /home/wyatt/Desktop/Mastering_RTOS/Workspace/RTOS_workspace/002_LED_Tasks/MXTmpFiles/system.tmp
2023-10-25 09:42:32,089 [INFO] CodeEngine:255 - oldGeneratedFile, /home/wyatt/Desktop/Mastering_RTOS/Workspace/RTOS_workspace/002_LED_Tasks/Core/Src/stm32f4xx_hal_timebase_tim.c_save
2023-10-25 09:42:32,136 [INFO] CodeEngine:279 - Generated code: /home/wyatt/Desktop/Mastering_RTOS/Workspace/RTOS_workspace/002_LED_Tasks/Core/Src/stm32f4xx_hal_timebase_tim.c
2023-10-25 09:42:32,138 [INFO] CodeEngine:311 - oldGeneratedFile, /home/wyatt/Desktop/Mastering_RTOS/Workspace/RTOS_workspace/002_LED_Tasks/Core/Inc/stm32f4xx_hal_conf.h_save
2023-10-25 09:42:32,193 [INFO] CodeEngine:335 - Generated code: /home/wyatt/Desktop/Mastering_RTOS/Workspace/RTOS_workspace/002_LED_Tasks/Core/Inc/stm32f4xx_hal_conf.h
2023-10-25 09:42:32,201 [WARN] IPConfigManager:2937 - Warning: the RefConfig PLL2P_FOR_MCO is not available in your config.xml file
2023-10-25 09:42:32,205 [INFO] CodeEngine:255 - oldGeneratedFile, /home/wyatt/Desktop/Mastering_RTOS/Workspace/RTOS_workspace/002_LED_Tasks/Core/Inc/main.h_save
2023-10-25 09:42:32,244 [INFO] CodeEngine:279 - Generated code: /home/wyatt/Desktop/Mastering_RTOS/Workspace/RTOS_workspace/002_LED_Tasks/Core/Inc/main.h
2023-10-25 09:42:32,245 [INFO] CodeEngine:255 - oldGeneratedFile, /home/wyatt/Desktop/Mastering_RTOS/Workspace/RTOS_workspace/002_LED_Tasks/Core/Src/main.c_save
2023-10-25 09:42:32,310 [INFO] CodeEngine:279 - Generated code: /home/wyatt/Desktop/Mastering_RTOS/Workspace/RTOS_workspace/002_LED_Tasks/Core/Src/main.c
2023-10-25 09:42:32,692 [INFO] ProjectBuilder:3064 - Time for Copy HAL[1] : 19mS.
2023-10-25 09:42:32,693 [INFO] ProjectBuilder:4404 - Project Generator version: 4.1.0
2023-10-25 09:42:32,827 [INFO] ConfigFileManager:1457 - The Die is : DIE421
2023-10-25 09:42:33,608 [INFO] ProjectBuilder:4626 - Time for Generating toolchain IDE Files: 915mS.
2023-10-25 09:42:33,608 [INFO] ProjectBuilder:2935 - Time for Copy CMSIS : 0mS.
2023-10-25 09:42:33,608 [INFO] ProjectBuilder:2935 - Time for Copy CMSIS : 0mS.
2023-10-25 10:50:38,382 [INFO] UtilMem:75 - End SaveConfig() Used Memory: 763792696 Bytes (1013972992)
2023-10-25 10:50:38,451 [INFO] UtilMem:75 - End SaveConfig() Used Memory: 785026584 Bytes (1013972992)
2023-10-25 10:50:38,735 [INFO] UtilMem:75 - End SaveConfig() Used Memory: 862095360 Bytes (1013972992)
2023-10-25 10:50:38,859 [INFO] BlockDiagram:2759 - set Specific Code input for plugin: SYS
2023-10-25 10:50:38,859 [INFO] BlockDiagram:2759 - set Specific Code input for plugin: RCC
2023-10-25 10:50:38,859 [INFO] BlockDiagram:2759 - set Specific Code input for plugin: NVIC
2023-10-25 10:50:38,859 [INFO] BlockDiagram:2759 - set Specific Code input for plugin: GPIO
2023-10-25 10:50:38,859 [INFO] CodeGenerator:799 - code generatio: config db path: /opt/st/stm32cubeide_1.13.2/plugins/com.st.stm32cube.common.mx_6.9.2.202309101412//db/
2023-10-25 10:50:38,973 [INFO] CodeEngine:255 - oldGeneratedFile, /home/wyatt/Desktop/Mastering_RTOS/Workspace/RTOS_workspace/002_LED_Tasks/MXTmpFiles/license.tmp_save
2023-10-25 10:50:39,022 [INFO] CodeEngine:279 - Generated code: /home/wyatt/Desktop/Mastering_RTOS/Workspace/RTOS_workspace/002_LED_Tasks/MXTmpFiles/license.tmp
2023-10-25 10:50:39,030 [INFO] CodeEngine:255 - oldGeneratedFile, /home/wyatt/Desktop/Mastering_RTOS/Workspace/RTOS_workspace/002_LED_Tasks/MXTmpFiles/gpio.tmp_save
2023-10-25 10:50:39,083 [INFO] CodeEngine:279 - Generated code: /home/wyatt/Desktop/Mastering_RTOS/Workspace/RTOS_workspace/002_LED_Tasks/MXTmpFiles/gpio.tmp
2023-10-25 10:50:39,092 [INFO] CodeEngine:255 - oldGeneratedFile, /home/wyatt/Desktop/Mastering_RTOS/Workspace/RTOS_workspace/002_LED_Tasks/Core/Src/stm32f4xx_it.c_save
2023-10-25 10:50:39,192 [INFO] CodeEngine:279 - Generated code: /home/wyatt/Desktop/Mastering_RTOS/Workspace/RTOS_workspace/002_LED_Tasks/Core/Src/stm32f4xx_it.c
2023-10-25 10:50:39,193 [INFO] CodeEngine:255 - oldGeneratedFile, /home/wyatt/Desktop/Mastering_RTOS/Workspace/RTOS_workspace/002_LED_Tasks/Core/Inc/stm32f4xx_it.h_save
2023-10-25 10:50:39,237 [INFO] CodeEngine:279 - Generated code: /home/wyatt/Desktop/Mastering_RTOS/Workspace/RTOS_workspace/002_LED_Tasks/Core/Inc/stm32f4xx_it.h
2023-10-25 10:50:39,239 [INFO] CodeEngine:255 - oldGeneratedFile, /home/wyatt/Desktop/Mastering_RTOS/Workspace/RTOS_workspace/002_LED_Tasks/Core/Src/stm32f4xx_hal_msp.c_save
2023-10-25 10:50:39,294 [INFO] CodeEngine:279 - Generated code: /home/wyatt/Desktop/Mastering_RTOS/Workspace/RTOS_workspace/002_LED_Tasks/Core/Src/stm32f4xx_hal_msp.c
2023-10-25 10:50:39,295 [INFO] CodeEngine:255 - oldGeneratedFile, /home/wyatt/Desktop/Mastering_RTOS/Workspace/RTOS_workspace/002_LED_Tasks/MXTmpFiles/system.tmp_save
2023-10-25 10:50:39,333 [INFO] CodeEngine:279 - Generated code: /home/wyatt/Desktop/Mastering_RTOS/Workspace/RTOS_workspace/002_LED_Tasks/MXTmpFiles/system.tmp
2023-10-25 10:50:39,334 [INFO] CodeEngine:255 - oldGeneratedFile, /home/wyatt/Desktop/Mastering_RTOS/Workspace/RTOS_workspace/002_LED_Tasks/Core/Src/stm32f4xx_hal_timebase_tim.c_save
2023-10-25 10:50:39,384 [INFO] CodeEngine:279 - Generated code: /home/wyatt/Desktop/Mastering_RTOS/Workspace/RTOS_workspace/002_LED_Tasks/Core/Src/stm32f4xx_hal_timebase_tim.c
2023-10-25 10:50:39,386 [INFO] CodeEngine:311 - oldGeneratedFile, /home/wyatt/Desktop/Mastering_RTOS/Workspace/RTOS_workspace/002_LED_Tasks/Core/Inc/stm32f4xx_hal_conf.h_save
2023-10-25 10:50:39,431 [INFO] CodeEngine:335 - Generated code: /home/wyatt/Desktop/Mastering_RTOS/Workspace/RTOS_workspace/002_LED_Tasks/Core/Inc/stm32f4xx_hal_conf.h
2023-10-25 10:50:39,440 [WARN] IPConfigManager:2937 - Warning: the RefConfig PLL2P_FOR_MCO is not available in your config.xml file
2023-10-25 10:50:39,445 [INFO] CodeEngine:255 - oldGeneratedFile, /home/wyatt/Desktop/Mastering_RTOS/Workspace/RTOS_workspace/002_LED_Tasks/Core/Inc/main.h_save
2023-10-25 10:50:39,513 [INFO] CodeEngine:279 - Generated code: /home/wyatt/Desktop/Mastering_RTOS/Workspace/RTOS_workspace/002_LED_Tasks/Core/Inc/main.h
2023-10-25 10:50:39,514 [INFO] CodeEngine:255 - oldGeneratedFile, /home/wyatt/Desktop/Mastering_RTOS/Workspace/RTOS_workspace/002_LED_Tasks/Core/Src/main.c_save
2023-10-25 10:50:39,570 [INFO] CodeEngine:279 - Generated code: /home/wyatt/Desktop/Mastering_RTOS/Workspace/RTOS_workspace/002_LED_Tasks/Core/Src/main.c
2023-10-25 10:50:39,898 [INFO] ProjectBuilder:3064 - Time for Copy HAL[1] : 16mS.
2023-10-25 10:50:39,899 [INFO] ProjectBuilder:4404 - Project Generator version: 4.1.0
2023-10-25 10:50:40,069 [INFO] ConfigFileManager:1457 - The Die is : DIE421
2023-10-25 10:50:40,719 [INFO] ProjectBuilder:4626 - Time for Generating toolchain IDE Files: 819mS.
2023-10-25 10:50:40,719 [INFO] ProjectBuilder:2935 - Time for Copy CMSIS : 0mS.
2023-10-25 10:50:40,722 [INFO] ProjectBuilder:2935 - Time for Copy CMSIS : 0mS.
