08:52:55 **** Incremental Build of configuration Debug for project 009_Binary_Semaphore_Tasks ****
make -j12 all 
arm-none-eabi-gcc "../Core/Src/main.c" -mcpu=cortex-m4 -std=gnu11 -g3 -DDEBUG -DUSE_HAL_DRIVER -DSTM32F446xx -c -I../Core/Inc -I../Drivers/STM32F4xx_HAL_Driver/Inc -I../Drivers/STM32F4xx_HAL_Driver/Inc/Legacy -I../Drivers/CMSIS/Device/ST/STM32F4xx/Include -I../Drivers/CMSIS/Include -I/home/wyatt/Desktop/Mastering_RTOS/Workspace/RTOS_workspace/common/ThirdParty/FreeRTOS/include -I/home/wyatt/Desktop/Mastering_RTOS/Workspace/RTOS_workspace/common/ThirdParty/FreeRTOS/portable/GCC/ARM_CM4F -I/home/wyatt/Desktop/Mastering_RTOS/Workspace/RTOS_workspace/common/ThirdParty/SEGGER/Config -I/home/wyatt/Desktop/Mastering_RTOS/Workspace/RTOS_workspace/common/ThirdParty/SEGGER/OS -I/home/wyatt/Desktop/Mastering_RTOS/Workspace/RTOS_workspace/common/ThirdParty/SEGGER/SEGGER -I/home/wyatt/Desktop/Mastering_RTOS/Workspace/RTOS_workspace/common/ThirdParty/FreeRTOS -O0 -ffunction-sections -fdata-sections -Wall -fstack-usage -fcyclomatic-complexity -MMD -MP -MF"Core/Src/main.d" -MT"Core/Src/main.o" --specs=nano.specs -mfpu=fpv4-sp-d16 -mfloat-abi=hard -mthumb -o "Core/Src/main.o"
../Core/Src/main.c: In function 'main':
../Core/Src/main.c:120:3: warning: implicit declaration of function 'RCC_DeInit'; did you mean 'HAL_DeInit'? [-Wimplicit-function-declaration]
  120 |   RCC_DeInit();
      |   ^~~~~~~~~~
      |   HAL_DeInit
../Core/Src/main.c:131:11: warning: passing argument 1 of 'sprintf' from incompatible pointer type [-Wincompatible-pointer-types]
  131 |   sprintf(usr_msg, "Demo of Binary Semaphore usage between 2 Tasks \r\n");
      |           ^~~~~~~
      |           |
      |           char **
In file included from ../Core/Inc/main.h:35,
                 from ../Core/Src/main.c:20:
/opt/st/stm32cubeide_1.13.2/plugins/com.st.stm32cube.ide.mcu.externaltools.gnu-tools-for-stm32.11.3.rel1.linux64_1.1.1.202309131626/tools/arm-none-eabi/include/stdio.h:254:18: note: expected 'char * restrict' but argument is of type 'char **'
  254 | int     sprintf (char *__restrict, const char *__restrict, ...)
      |                  ^
../Core/Src/main.c:132:10: warning: passing argument 1 of 'printf' from incompatible pointer type [-Wincompatible-pointer-types]
  132 |   printf(usr_msg);
      |          ^~~~~~~
      |          |
      |          char **
In file included from ../Core/Inc/main.h:35,
                 from ../Core/Src/main.c:20:
/opt/st/stm32cubeide_1.13.2/plugins/com.st.stm32cube.ide.mcu.externaltools.gnu-tools-for-stm32.11.3.rel1.linux64_1.1.1.202309131626/tools/arm-none-eabi/include/stdio.h:210:17: note: expected 'const char * restrict' but argument is of type 'char **'
  210 | int     printf (const char *__restrict, ...)
      |                 ^
../Core/Src/main.c:153:11: warning: passing argument 1 of 'sprintf' from incompatible pointer type [-Wincompatible-pointer-types]
  153 |   sprintf(usr_msg, "Queue/Sema create failed.. \r\n");
      |           ^~~~~~~
      |           |
      |           char **
In file included from ../Core/Inc/main.h:35,
                 from ../Core/Src/main.c:20:
/opt/st/stm32cubeide_1.13.2/plugins/com.st.stm32cube.ide.mcu.externaltools.gnu-tools-for-stm32.11.3.rel1.linux64_1.1.1.202309131626/tools/arm-none-eabi/include/stdio.h:254:18: note: expected 'char * restrict' but argument is of type 'char **'
  254 | int     sprintf (char *__restrict, const char *__restrict, ...)
      |                  ^
../Core/Src/main.c:154:10: warning: passing argument 1 of 'printf' from incompatible pointer type [-Wincompatible-pointer-types]
  154 |   printf(usr_msg);
      |          ^~~~~~~
      |          |
      |          char **
In file included from ../Core/Inc/main.h:35,
                 from ../Core/Src/main.c:20:
/opt/st/stm32cubeide_1.13.2/plugins/com.st.stm32cube.ide.mcu.externaltools.gnu-tools-for-stm32.11.3.rel1.linux64_1.1.1.202309131626/tools/arm-none-eabi/include/stdio.h:210:17: note: expected 'const char * restrict' but argument is of type 'char **'
  210 | int     printf (const char *__restrict, ...)
      |                 ^
../Core/Src/main.c: In function 'vManagerTask':
../Core/Src/main.c:281:33: warning: passing argument 1 of 'sprintf' from incompatible pointer type [-Wincompatible-pointer-types]
  281 |                         sprintf(usr_msg, "Could not send to the queue.\r\n");
      |                                 ^~~~~~~
      |                                 |
      |                                 char **
In file included from ../Core/Inc/main.h:35,
                 from ../Core/Src/main.c:20:
/opt/st/stm32cubeide_1.13.2/plugins/com.st.stm32cube.ide.mcu.externaltools.gnu-tools-for-stm32.11.3.rel1.linux64_1.1.1.202309131626/tools/arm-none-eabi/include/stdio.h:254:18: note: expected 'char * restrict' but argument is of type 'char **'
  254 | int     sprintf (char *__restrict, const char *__restrict, ...)
      |                  ^
../Core/Src/main.c:282:32: warning: passing argument 1 of 'printf' from incompatible pointer type [-Wincompatible-pointer-types]
  282 |                         printf(usr_msg);
      |                                ^~~~~~~
      |                                |
      |                                char **
In file included from ../Core/Inc/main.h:35,
                 from ../Core/Src/main.c:20:
/opt/st/stm32cubeide_1.13.2/plugins/com.st.stm32cube.ide.mcu.externaltools.gnu-tools-for-stm32.11.3.rel1.linux64_1.1.1.202309131626/tools/arm-none-eabi/include/stdio.h:210:17: note: expected 'const char * restrict' but argument is of type 'char **'
  210 | int     printf (const char *__restrict, ...)
      |                 ^
../Core/Src/main.c: In function 'EmployeeDoWork':
../Core/Src/main.c:296:17: warning: passing argument 1 of 'sprintf' from incompatible pointer type [-Wincompatible-pointer-types]
  296 |         sprintf(usr_msg, "Employee Task: Working on Ticket Id: %d\r\n", TicketId);
      |                 ^~~~~~~
      |                 |
      |                 char **
In file included from ../Core/Inc/main.h:35,
                 from ../Core/Src/main.c:20:
/opt/st/stm32cubeide_1.13.2/plugins/com.st.stm32cube.ide.mcu.externaltools.gnu-tools-for-stm32.11.3.rel1.linux64_1.1.1.202309131626/tools/arm-none-eabi/include/stdio.h:254:18: note: expected 'char * restrict' but argument is of type 'char **'
  254 | int     sprintf (char *__restrict, const char *__restrict, ...)
      |                  ^
../Core/Src/main.c:297:16: warning: passing argument 1 of 'printf' from incompatible pointer type [-Wincompatible-pointer-types]
  297 |         printf(usr_msg);
      |                ^~~~~~~
      |                |
      |                char **
In file included from ../Core/Inc/main.h:35,
                 from ../Core/Src/main.c:20:
/opt/st/stm32cubeide_1.13.2/plugins/com.st.stm32cube.ide.mcu.externaltools.gnu-tools-for-stm32.11.3.rel1.linux64_1.1.1.202309131626/tools/arm-none-eabi/include/stdio.h:210:17: note: expected 'const char * restrict' but argument is of type 'char **'
  210 | int     printf (const char *__restrict, ...)
      |                 ^
../Core/Src/main.c: In function 'vEmployeeTask':
../Core/Src/main.c:319:33: warning: passing argument 1 of 'sprintf' from incompatible pointer type [-Wincompatible-pointer-types]
  319 |                         sprintf(usr_msg, "Employee Task: Queue is empty, nothing to do.\r\n");
      |                                 ^~~~~~~
      |                                 |
      |                                 char **
In file included from ../Core/Inc/main.h:35,
                 from ../Core/Src/main.c:20:
/opt/st/stm32cubeide_1.13.2/plugins/com.st.stm32cube.ide.mcu.externaltools.gnu-tools-for-stm32.11.3.rel1.linux64_1.1.1.202309131626/tools/arm-none-eabi/include/stdio.h:254:18: note: expected 'char * restrict' but argument is of type 'char **'
  254 | int     sprintf (char *__restrict, const char *__restrict, ...)
      |                  ^
../Core/Src/main.c:320:32: warning: passing argument 1 of 'printf' from incompatible pointer type [-Wincompatible-pointer-types]
  320 |                         printf(usr_msg);
      |                                ^~~~~~~
      |                                |
      |                                char **
In file included from ../Core/Inc/main.h:35,
                 from ../Core/Src/main.c:20:
/opt/st/stm32cubeide_1.13.2/plugins/com.st.stm32cube.ide.mcu.externaltools.gnu-tools-for-stm32.11.3.rel1.linux64_1.1.1.202309131626/tools/arm-none-eabi/include/stdio.h:210:17: note: expected 'const char * restrict' but argument is of type 'char **'
  210 | int     printf (const char *__restrict, ...)
      |                 ^
arm-none-eabi-gcc -o "009_Binary_Semaphore_Tasks.elf" @"objects.list"   -mcpu=cortex-m4 -T"/home/wyatt/Desktop/Mastering_RTOS/Workspace/RTOS_workspace/009_Binary_Semaphore_Tasks/STM32F446RETX_FLASH.ld" --specs=nosys.specs -Wl,-Map="009_Binary_Semaphore_Tasks.map" -Wl,--gc-sections -static --specs=nano.specs -mfpu=fpv4-sp-d16 -mfloat-abi=hard -mthumb -Wl,--start-group -lc -lm -Wl,--end-group
/opt/st/stm32cubeide_1.13.2/plugins/com.st.stm32cube.ide.mcu.externaltools.gnu-tools-for-stm32.11.3.rel1.linux64_1.1.1.202309131626/tools/bin/../lib/gcc/arm-none-eabi/11.3.1/../../../../arm-none-eabi/bin/ld: ./Core/Src/main.o: in function `main':
/home/wyatt/Desktop/Mastering_RTOS/Workspace/RTOS_workspace/009_Binary_Semaphore_Tasks/Debug/../Core/Src/main.c:120: undefined reference to `RCC_DeInit'
collect2: error: ld returned 1 exit status
make: *** [makefile:72: 009_Binary_Semaphore_Tasks.elf] Error 1
"make -j12 all" terminated with exit code 2. Build might be incomplete.

08:52:56 Build Failed. 3 errors, 11 warnings. (took 835ms)

